[2022-04-18 14:44:38,769] {taskinstance.py:1032} INFO - Dependencies all met for <TaskInstance: LocalIngestionDag.wget scheduled__2021-03-02T06:00:00+00:00 [queued]>
[2022-04-18 14:44:38,784] {taskinstance.py:1032} INFO - Dependencies all met for <TaskInstance: LocalIngestionDag.wget scheduled__2021-03-02T06:00:00+00:00 [queued]>
[2022-04-18 14:44:38,784] {taskinstance.py:1238} INFO - 
--------------------------------------------------------------------------------
[2022-04-18 14:44:38,784] {taskinstance.py:1239} INFO - Starting attempt 1 of 1
[2022-04-18 14:44:38,784] {taskinstance.py:1240} INFO - 
--------------------------------------------------------------------------------
[2022-04-18 14:44:39,650] {taskinstance.py:1259} INFO - Executing <Task(BashOperator): wget> on 2021-03-02 06:00:00+00:00
[2022-04-18 14:44:41,347] {standard_task_runner.py:52} INFO - Started process 893 to run task
[2022-04-18 14:44:42,314] {standard_task_runner.py:76} INFO - Running: ['***', 'tasks', 'run', 'LocalIngestionDag', 'wget', 'scheduled__2021-03-02T06:00:00+00:00', '--job-id', '12', '--raw', '--subdir', 'DAGS_FOLDER/data_ingestion_local.py', '--cfg-path', '/tmp/tmpnnm3qmls', '--error-file', '/tmp/tmpnyl9uttu']
[2022-04-18 14:44:42,315] {standard_task_runner.py:77} INFO - Job 12: Subtask wget
[2022-04-18 14:45:14,580] {logging_mixin.py:109} INFO - Running <TaskInstance: LocalIngestionDag.wget scheduled__2021-03-02T06:00:00+00:00 [running]> on host e47b26b97407
[2022-04-18 14:45:18,068] {warnings.py:110} WARNING - /home/***/.local/lib/python3.7/site-packages/***/utils/context.py:152: AirflowContextDeprecationWarning: Accessing 'execution_date' from the template is deprecated and will be removed in a future version. Please use 'data_interval_start' or 'logical_date' instead.
  warnings.warn(_create_deprecation_warning(key, self._deprecation_replacements[key]))

[2022-04-18 14:45:27,625] {taskinstance.py:1426} INFO - Exporting the following env vars:
AIRFLOW_CTX_DAG_OWNER=***
AIRFLOW_CTX_DAG_ID=LocalIngestionDag
AIRFLOW_CTX_TASK_ID=wget
AIRFLOW_CTX_EXECUTION_DATE=2021-03-02T06:00:00+00:00
AIRFLOW_CTX_DAG_RUN_ID=scheduled__2021-03-02T06:00:00+00:00
[2022-04-18 14:45:27,638] {subprocess.py:62} INFO - Tmp dir root location: 
 /tmp
[2022-04-18 14:45:27,638] {subprocess.py:74} INFO - Running command: ['bash', '-c', 'curl -sSL https://s3.amazonaws.com/nyc-tlc/trip+data/yellow_tripdata_2021-03.csv > /opt/***/output_2021-03.csv']
[2022-04-18 14:45:28,564] {subprocess.py:85} INFO - Output:
[2022-04-18 14:50:26,798] {subprocess.py:93} INFO - Command exited with return code 0
[2022-04-18 14:50:26,824] {taskinstance.py:1277} INFO - Marking task as SUCCESS. dag_id=LocalIngestionDag, task_id=wget, execution_date=20210302T060000, start_date=20220418T144438, end_date=20220418T145026
[2022-04-18 14:50:26,847] {local_task_job.py:154} INFO - Task exited with return code 0
[2022-04-18 14:50:26,879] {local_task_job.py:264} INFO - 1 downstream tasks scheduled from follow-on schedule check
