[2022-04-18 14:45:36,748] {taskinstance.py:1032} INFO - Dependencies all met for <TaskInstance: LocalIngestionDag.wget scheduled__2021-09-02T06:00:00+00:00 [queued]>
[2022-04-18 14:45:36,756] {taskinstance.py:1032} INFO - Dependencies all met for <TaskInstance: LocalIngestionDag.wget scheduled__2021-09-02T06:00:00+00:00 [queued]>
[2022-04-18 14:45:36,757] {taskinstance.py:1238} INFO - 
--------------------------------------------------------------------------------
[2022-04-18 14:45:36,757] {taskinstance.py:1239} INFO - Starting attempt 1 of 1
[2022-04-18 14:45:36,757] {taskinstance.py:1240} INFO - 
--------------------------------------------------------------------------------
[2022-04-18 14:45:36,811] {taskinstance.py:1259} INFO - Executing <Task(BashOperator): wget> on 2021-09-02 06:00:00+00:00
[2022-04-18 14:45:36,866] {standard_task_runner.py:52} INFO - Started process 944 to run task
[2022-04-18 14:45:36,853] {standard_task_runner.py:76} INFO - Running: ['***', 'tasks', 'run', 'LocalIngestionDag', 'wget', 'scheduled__2021-09-02T06:00:00+00:00', '--job-id', '16', '--raw', '--subdir', 'DAGS_FOLDER/data_ingestion_local.py', '--cfg-path', '/tmp/tmp53pkmwkc', '--error-file', '/tmp/tmpzga0fud9']
[2022-04-18 14:45:36,887] {standard_task_runner.py:77} INFO - Job 16: Subtask wget
[2022-04-18 14:46:54,099] {logging_mixin.py:109} INFO - Running <TaskInstance: LocalIngestionDag.wget scheduled__2021-09-02T06:00:00+00:00 [running]> on host e47b26b97407
[2022-04-18 14:47:38,433] {warnings.py:110} WARNING - /home/***/.local/lib/python3.7/site-packages/***/utils/context.py:152: AirflowContextDeprecationWarning: Accessing 'execution_date' from the template is deprecated and will be removed in a future version. Please use 'data_interval_start' or 'logical_date' instead.
  warnings.warn(_create_deprecation_warning(key, self._deprecation_replacements[key]))

[2022-04-18 14:47:38,931] {taskinstance.py:1426} INFO - Exporting the following env vars:
AIRFLOW_CTX_DAG_OWNER=***
AIRFLOW_CTX_DAG_ID=LocalIngestionDag
AIRFLOW_CTX_TASK_ID=wget
AIRFLOW_CTX_EXECUTION_DATE=2021-09-02T06:00:00+00:00
AIRFLOW_CTX_DAG_RUN_ID=scheduled__2021-09-02T06:00:00+00:00
[2022-04-18 14:47:38,932] {subprocess.py:62} INFO - Tmp dir root location: 
 /tmp
[2022-04-18 14:47:38,933] {subprocess.py:74} INFO - Running command: ['bash', '-c', 'curl -sSL https://s3.amazonaws.com/nyc-tlc/trip+data/yellow_tripdata_2021-09.csv > /opt/***/output_2021-09.csv']
[2022-04-18 14:47:38,947] {subprocess.py:85} INFO - Output:
[2022-04-18 14:48:03,868] {subprocess.py:93} INFO - Command exited with return code 0
[2022-04-18 14:48:07,133] {taskinstance.py:1277} INFO - Marking task as SUCCESS. dag_id=LocalIngestionDag, task_id=wget, execution_date=20210902T060000, start_date=20220418T144536, end_date=20220418T144807
[2022-04-18 14:48:08,017] {local_task_job.py:154} INFO - Task exited with return code 0
[2022-04-18 14:48:08,092] {local_task_job.py:264} INFO - 1 downstream tasks scheduled from follow-on schedule check
