[2022-04-18 17:40:22,516] {taskinstance.py:1032} INFO - Dependencies all met for <TaskInstance: LocalIngestionDag.ingest manual__2022-04-18T17:38:58.022756+00:00 [queued]>
[2022-04-18 17:40:22,577] {taskinstance.py:1032} INFO - Dependencies all met for <TaskInstance: LocalIngestionDag.ingest manual__2022-04-18T17:38:58.022756+00:00 [queued]>
[2022-04-18 17:40:22,578] {taskinstance.py:1238} INFO - 
--------------------------------------------------------------------------------
[2022-04-18 17:40:22,579] {taskinstance.py:1239} INFO - Starting attempt 1 of 1
[2022-04-18 17:40:22,580] {taskinstance.py:1240} INFO - 
--------------------------------------------------------------------------------
[2022-04-18 17:40:22,656] {taskinstance.py:1259} INFO - Executing <Task(PythonOperator): ingest> on 2022-04-18 17:38:58.022756+00:00
[2022-04-18 17:40:22,679] {standard_task_runner.py:52} INFO - Started process 7080 to run task
[2022-04-18 17:40:22,699] {standard_task_runner.py:76} INFO - Running: ['***', 'tasks', 'run', 'LocalIngestionDag', 'ingest', 'manual__2022-04-18T17:38:58.022756+00:00', '--job-id', '78', '--raw', '--subdir', 'DAGS_FOLDER/data_ingestion_local.py', '--cfg-path', '/tmp/tmp3e8yktg4', '--error-file', '/tmp/tmpqnqnxvq2']
[2022-04-18 17:40:22,703] {standard_task_runner.py:77} INFO - Job 78: Subtask ingest
[2022-04-18 17:40:23,134] {logging_mixin.py:109} INFO - Running <TaskInstance: LocalIngestionDag.ingest manual__2022-04-18T17:38:58.022756+00:00 [running]> on host 0fb3f3a72b51
[2022-04-18 17:40:23,303] {warnings.py:110} WARNING - /home/***/.local/lib/python3.7/site-packages/***/utils/context.py:152: AirflowContextDeprecationWarning: Accessing 'execution_date' from the template is deprecated and will be removed in a future version. Please use 'data_interval_start' or 'logical_date' instead.
  warnings.warn(_create_deprecation_warning(key, self._deprecation_replacements[key]))

[2022-04-18 17:40:23,374] {taskinstance.py:1426} INFO - Exporting the following env vars:
AIRFLOW_CTX_DAG_OWNER=***
AIRFLOW_CTX_DAG_ID=LocalIngestionDag
AIRFLOW_CTX_TASK_ID=ingest
AIRFLOW_CTX_EXECUTION_DATE=2022-04-18T17:38:58.022756+00:00
AIRFLOW_CTX_DAG_RUN_ID=manual__2022-04-18T17:38:58.022756+00:00
[2022-04-18 17:40:23,376] {logging_mixin.py:109} INFO - yellow_taxi_2022_04 /opt/***/output_2022-04.csv 2022-04-18T17:38:58.022756+00:00
[2022-04-18 17:40:23,790] {logging_mixin.py:109} INFO - connection established successfully, inserting data...
[2022-04-18 17:43:39,376] {logging_mixin.py:109} INFO - inserted the first chunk, took 195.584 second
[2022-04-18 17:45:11,284] {logging_mixin.py:109} INFO - inserted another chunk, took 91.903 second
[2022-04-18 17:45:51,407] {logging_mixin.py:109} INFO - inserted another chunk, took 40.122 second
[2022-04-18 17:46:53,908] {logging_mixin.py:109} INFO - inserted another chunk, took 62.500 second
[2022-04-18 17:47:43,647] {logging_mixin.py:109} INFO - inserted another chunk, took 49.706 second
[2022-04-18 17:48:42,433] {logging_mixin.py:109} INFO - inserted another chunk, took 58.786 second
[2022-04-18 17:49:18,264] {logging_mixin.py:109} INFO - inserted another chunk, took 35.830 second
[2022-04-18 17:49:53,295] {logging_mixin.py:109} INFO - inserted another chunk, took 35.030 second
[2022-04-18 17:50:56,705] {logging_mixin.py:109} INFO - inserted another chunk, took 63.410 second
[2022-04-18 17:51:33,249] {logging_mixin.py:109} INFO - inserted another chunk, took 36.543 second
[2022-04-18 17:52:26,490] {logging_mixin.py:109} INFO - inserted another chunk, took 53.241 second
[2022-04-18 17:53:35,018] {logging_mixin.py:109} INFO - inserted another chunk, took 68.528 second
[2022-04-18 17:53:35,224] {warnings.py:110} WARNING - /home/***/.local/lib/python3.7/site-packages/***/operators/python.py:174: DtypeWarning: Columns (6) have mixed types.Specify dtype option on import or set low_memory=False.
  return_value = self.execute_callable()

[2022-04-18 17:54:09,632] {logging_mixin.py:109} INFO - inserted another chunk, took 34.613 second
[2022-04-18 17:54:33,136] {logging_mixin.py:109} INFO - inserted another chunk, took 23.504 second
[2022-04-18 17:54:33,137] {logging_mixin.py:109} INFO - completed
[2022-04-18 17:54:33,157] {python.py:175} INFO - Done. Returned value was: None
[2022-04-18 17:54:33,168] {taskinstance.py:1277} INFO - Marking task as SUCCESS. dag_id=LocalIngestionDag, task_id=ingest, execution_date=20220418T173858, start_date=20220418T174022, end_date=20220418T175433
[2022-04-18 17:54:33,210] {local_task_job.py:154} INFO - Task exited with return code 0
[2022-04-18 17:54:33,262] {local_task_job.py:264} INFO - 0 downstream tasks scheduled from follow-on schedule check
