[2022-04-18 14:45:17,928] {taskinstance.py:1032} INFO - Dependencies all met for <TaskInstance: LocalIngestionDag.wget scheduled__2021-07-02T06:00:00+00:00 [queued]>
[2022-04-18 14:45:17,937] {taskinstance.py:1032} INFO - Dependencies all met for <TaskInstance: LocalIngestionDag.wget scheduled__2021-07-02T06:00:00+00:00 [queued]>
[2022-04-18 14:45:17,937] {taskinstance.py:1238} INFO - 
--------------------------------------------------------------------------------
[2022-04-18 14:45:17,938] {taskinstance.py:1239} INFO - Starting attempt 1 of 1
[2022-04-18 14:45:17,938] {taskinstance.py:1240} INFO - 
--------------------------------------------------------------------------------
[2022-04-18 14:45:17,961] {taskinstance.py:1259} INFO - Executing <Task(BashOperator): wget> on 2021-07-02 06:00:00+00:00
[2022-04-18 14:45:18,036] {standard_task_runner.py:52} INFO - Started process 903 to run task
[2022-04-18 14:45:18,048] {standard_task_runner.py:76} INFO - Running: ['***', 'tasks', 'run', 'LocalIngestionDag', 'wget', 'scheduled__2021-07-02T06:00:00+00:00', '--job-id', '14', '--raw', '--subdir', 'DAGS_FOLDER/data_ingestion_local.py', '--cfg-path', '/tmp/tmpdfaevzrk', '--error-file', '/tmp/tmpb93e4p2w']
[2022-04-18 14:45:18,050] {standard_task_runner.py:77} INFO - Job 14: Subtask wget
[2022-04-18 14:45:29,936] {logging_mixin.py:109} INFO - Running <TaskInstance: LocalIngestionDag.wget scheduled__2021-07-02T06:00:00+00:00 [running]> on host e47b26b97407
[2022-04-18 14:45:30,380] {warnings.py:110} WARNING - /home/***/.local/lib/python3.7/site-packages/***/utils/context.py:152: AirflowContextDeprecationWarning: Accessing 'execution_date' from the template is deprecated and will be removed in a future version. Please use 'data_interval_start' or 'logical_date' instead.
  warnings.warn(_create_deprecation_warning(key, self._deprecation_replacements[key]))

[2022-04-18 14:45:30,625] {taskinstance.py:1426} INFO - Exporting the following env vars:
AIRFLOW_CTX_DAG_OWNER=***
AIRFLOW_CTX_DAG_ID=LocalIngestionDag
AIRFLOW_CTX_TASK_ID=wget
AIRFLOW_CTX_EXECUTION_DATE=2021-07-02T06:00:00+00:00
AIRFLOW_CTX_DAG_RUN_ID=scheduled__2021-07-02T06:00:00+00:00
[2022-04-18 14:45:30,626] {subprocess.py:62} INFO - Tmp dir root location: 
 /tmp
[2022-04-18 14:45:30,626] {subprocess.py:74} INFO - Running command: ['bash', '-c', 'curl -sSL https://s3.amazonaws.com/nyc-tlc/trip+data/yellow_tripdata_2021-07.csv > /opt/***/output_2021-07.csv']
[2022-04-18 14:45:30,654] {subprocess.py:85} INFO - Output:
