[2022-04-18 17:39:14,364] {taskinstance.py:1032} INFO - Dependencies all met for <TaskInstance: LocalIngestionDag.wget manual__2022-04-18T17:38:58.022756+00:00 [queued]>
[2022-04-18 17:39:14,404] {taskinstance.py:1032} INFO - Dependencies all met for <TaskInstance: LocalIngestionDag.wget manual__2022-04-18T17:38:58.022756+00:00 [queued]>
[2022-04-18 17:39:14,404] {taskinstance.py:1238} INFO - 
--------------------------------------------------------------------------------
[2022-04-18 17:39:14,405] {taskinstance.py:1239} INFO - Starting attempt 1 of 1
[2022-04-18 17:39:14,405] {taskinstance.py:1240} INFO - 
--------------------------------------------------------------------------------
[2022-04-18 17:39:14,452] {taskinstance.py:1259} INFO - Executing <Task(BashOperator): wget> on 2022-04-18 17:38:58.022756+00:00
[2022-04-18 17:39:14,464] {standard_task_runner.py:52} INFO - Started process 7029 to run task
[2022-04-18 17:39:14,474] {standard_task_runner.py:76} INFO - Running: ['***', 'tasks', 'run', 'LocalIngestionDag', 'wget', 'manual__2022-04-18T17:38:58.022756+00:00', '--job-id', '77', '--raw', '--subdir', 'DAGS_FOLDER/data_ingestion_local.py', '--cfg-path', '/tmp/tmpgi_8r1am', '--error-file', '/tmp/tmpjvtf_zp5']
[2022-04-18 17:39:14,476] {standard_task_runner.py:77} INFO - Job 77: Subtask wget
[2022-04-18 17:39:14,641] {logging_mixin.py:109} INFO - Running <TaskInstance: LocalIngestionDag.wget manual__2022-04-18T17:38:58.022756+00:00 [running]> on host 0fb3f3a72b51
[2022-04-18 17:39:14,869] {warnings.py:110} WARNING - /home/***/.local/lib/python3.7/site-packages/***/utils/context.py:152: AirflowContextDeprecationWarning: Accessing 'execution_date' from the template is deprecated and will be removed in a future version. Please use 'data_interval_start' or 'logical_date' instead.
  warnings.warn(_create_deprecation_warning(key, self._deprecation_replacements[key]))

[2022-04-18 17:39:15,011] {taskinstance.py:1426} INFO - Exporting the following env vars:
AIRFLOW_CTX_DAG_OWNER=***
AIRFLOW_CTX_DAG_ID=LocalIngestionDag
AIRFLOW_CTX_TASK_ID=wget
AIRFLOW_CTX_EXECUTION_DATE=2022-04-18T17:38:58.022756+00:00
AIRFLOW_CTX_DAG_RUN_ID=manual__2022-04-18T17:38:58.022756+00:00
[2022-04-18 17:39:15,040] {subprocess.py:62} INFO - Tmp dir root location: 
 /tmp
[2022-04-18 17:39:15,052] {subprocess.py:74} INFO - Running command: ['bash', '-c', 'curl -sSL https://s3.amazonaws.com/nyc-tlc/trip+data/yellow_tripdata_2021-01.csv > /opt/***/output_2022-04.csv']
[2022-04-18 17:39:15,102] {subprocess.py:85} INFO - Output:
[2022-04-18 17:40:18,209] {subprocess.py:93} INFO - Command exited with return code 0
[2022-04-18 17:40:18,310] {taskinstance.py:1277} INFO - Marking task as SUCCESS. dag_id=LocalIngestionDag, task_id=wget, execution_date=20220418T173858, start_date=20220418T173914, end_date=20220418T174018
[2022-04-18 17:40:18,400] {local_task_job.py:154} INFO - Task exited with return code 0
[2022-04-18 17:40:18,883] {local_task_job.py:264} INFO - 1 downstream tasks scheduled from follow-on schedule check
