[2022-04-18 15:11:33,641] {taskinstance.py:1032} INFO - Dependencies all met for <TaskInstance: LocalIngestionDag.wget manual__2022-04-18T15:11:32.619781+00:00 [queued]>
[2022-04-18 15:11:33,650] {taskinstance.py:1032} INFO - Dependencies all met for <TaskInstance: LocalIngestionDag.wget manual__2022-04-18T15:11:32.619781+00:00 [queued]>
[2022-04-18 15:11:33,650] {taskinstance.py:1238} INFO - 
--------------------------------------------------------------------------------
[2022-04-18 15:11:33,650] {taskinstance.py:1239} INFO - Starting attempt 1 of 1
[2022-04-18 15:11:33,650] {taskinstance.py:1240} INFO - 
--------------------------------------------------------------------------------
[2022-04-18 15:11:33,659] {taskinstance.py:1259} INFO - Executing <Task(BashOperator): wget> on 2022-04-18 15:11:32.619781+00:00
[2022-04-18 15:11:33,664] {standard_task_runner.py:52} INFO - Started process 687 to run task
[2022-04-18 15:11:33,667] {standard_task_runner.py:76} INFO - Running: ['***', 'tasks', 'run', 'LocalIngestionDag', 'wget', 'manual__2022-04-18T15:11:32.619781+00:00', '--job-id', '73', '--raw', '--subdir', 'DAGS_FOLDER/data_ingestion_local.py', '--cfg-path', '/tmp/tmpdbu2h4x7', '--error-file', '/tmp/tmp3ycu07i5']
[2022-04-18 15:11:33,668] {standard_task_runner.py:77} INFO - Job 73: Subtask wget
[2022-04-18 15:11:33,716] {logging_mixin.py:109} INFO - Running <TaskInstance: LocalIngestionDag.wget manual__2022-04-18T15:11:32.619781+00:00 [running]> on host 0fb3f3a72b51
[2022-04-18 15:11:33,746] {warnings.py:110} WARNING - /home/***/.local/lib/python3.7/site-packages/***/utils/context.py:152: AirflowContextDeprecationWarning: Accessing 'execution_date' from the template is deprecated and will be removed in a future version. Please use 'data_interval_start' or 'logical_date' instead.
  warnings.warn(_create_deprecation_warning(key, self._deprecation_replacements[key]))

[2022-04-18 15:11:33,764] {taskinstance.py:1426} INFO - Exporting the following env vars:
AIRFLOW_CTX_DAG_OWNER=***
AIRFLOW_CTX_DAG_ID=LocalIngestionDag
AIRFLOW_CTX_TASK_ID=wget
AIRFLOW_CTX_EXECUTION_DATE=2022-04-18T15:11:32.619781+00:00
AIRFLOW_CTX_DAG_RUN_ID=manual__2022-04-18T15:11:32.619781+00:00
[2022-04-18 15:11:33,764] {subprocess.py:62} INFO - Tmp dir root location: 
 /tmp
[2022-04-18 15:11:33,765] {subprocess.py:74} INFO - Running command: ['bash', '-c', 'curl -sSL https://s3.amazonaws.com/nyc-tlc/trip+data/yellow_tripdata_2022-04.csv > /opt/***/output_2022-04.csv']
[2022-04-18 15:11:33,775] {subprocess.py:85} INFO - Output:
[2022-04-18 15:11:38,870] {subprocess.py:93} INFO - Command exited with return code 0
[2022-04-18 15:11:38,944] {taskinstance.py:1277} INFO - Marking task as SUCCESS. dag_id=LocalIngestionDag, task_id=wget, execution_date=20220418T151132, start_date=20220418T151133, end_date=20220418T151138
[2022-04-18 15:11:39,003] {local_task_job.py:154} INFO - Task exited with return code 0
[2022-04-18 15:11:39,063] {local_task_job.py:264} INFO - 1 downstream tasks scheduled from follow-on schedule check
