[2022-04-18 15:11:40,083] {taskinstance.py:1032} INFO - Dependencies all met for <TaskInstance: LocalIngestionDag.ingest manual__2022-04-18T15:11:32.619781+00:00 [queued]>
[2022-04-18 15:11:40,096] {taskinstance.py:1032} INFO - Dependencies all met for <TaskInstance: LocalIngestionDag.ingest manual__2022-04-18T15:11:32.619781+00:00 [queued]>
[2022-04-18 15:11:40,097] {taskinstance.py:1238} INFO - 
--------------------------------------------------------------------------------
[2022-04-18 15:11:40,097] {taskinstance.py:1239} INFO - Starting attempt 1 of 1
[2022-04-18 15:11:40,097] {taskinstance.py:1240} INFO - 
--------------------------------------------------------------------------------
[2022-04-18 15:11:40,117] {taskinstance.py:1259} INFO - Executing <Task(PythonOperator): ingest> on 2022-04-18 15:11:32.619781+00:00
[2022-04-18 15:11:40,123] {standard_task_runner.py:52} INFO - Started process 700 to run task
[2022-04-18 15:11:40,127] {standard_task_runner.py:76} INFO - Running: ['***', 'tasks', 'run', 'LocalIngestionDag', 'ingest', 'manual__2022-04-18T15:11:32.619781+00:00', '--job-id', '74', '--raw', '--subdir', 'DAGS_FOLDER/data_ingestion_local.py', '--cfg-path', '/tmp/tmpd6s_k_pe', '--error-file', '/tmp/tmpijw5jb7i']
[2022-04-18 15:11:40,128] {standard_task_runner.py:77} INFO - Job 74: Subtask ingest
[2022-04-18 15:11:40,185] {logging_mixin.py:109} INFO - Running <TaskInstance: LocalIngestionDag.ingest manual__2022-04-18T15:11:32.619781+00:00 [running]> on host 0fb3f3a72b51
[2022-04-18 15:11:40,226] {warnings.py:110} WARNING - /home/***/.local/lib/python3.7/site-packages/***/utils/context.py:152: AirflowContextDeprecationWarning: Accessing 'execution_date' from the template is deprecated and will be removed in a future version. Please use 'data_interval_start' or 'logical_date' instead.
  warnings.warn(_create_deprecation_warning(key, self._deprecation_replacements[key]))

[2022-04-18 15:11:40,254] {taskinstance.py:1426} INFO - Exporting the following env vars:
AIRFLOW_CTX_DAG_OWNER=***
AIRFLOW_CTX_DAG_ID=LocalIngestionDag
AIRFLOW_CTX_TASK_ID=ingest
AIRFLOW_CTX_EXECUTION_DATE=2022-04-18T15:11:32.619781+00:00
AIRFLOW_CTX_DAG_RUN_ID=manual__2022-04-18T15:11:32.619781+00:00
[2022-04-18 15:11:40,255] {logging_mixin.py:109} INFO - yellow_taxi_2022_04 /opt/***/output_2022-04.csv 2022-04-18T15:11:32.619781+00:00
[2022-04-18 15:11:40,268] {logging_mixin.py:109} INFO - connection established successfully, inserting data...
[2022-04-18 15:11:40,775] {logging_mixin.py:109} INFO - inserted the first chunk, took 0.506 second
[2022-04-18 15:11:40,775] {logging_mixin.py:109} INFO - completed
[2022-04-18 15:11:40,804] {python.py:175} INFO - Done. Returned value was: None
[2022-04-18 15:11:40,815] {taskinstance.py:1277} INFO - Marking task as SUCCESS. dag_id=LocalIngestionDag, task_id=ingest, execution_date=20220418T151132, start_date=20220418T151140, end_date=20220418T151140
[2022-04-18 15:11:40,866] {local_task_job.py:154} INFO - Task exited with return code 0
[2022-04-18 15:11:40,903] {local_task_job.py:264} INFO - 0 downstream tasks scheduled from follow-on schedule check
