[2022-04-18 14:48:57,231] {taskinstance.py:1032} INFO - Dependencies all met for <TaskInstance: LocalIngestionDag.wget scheduled__2021-11-02T06:00:00+00:00 [queued]>
[2022-04-18 14:48:57,645] {taskinstance.py:1032} INFO - Dependencies all met for <TaskInstance: LocalIngestionDag.wget scheduled__2021-11-02T06:00:00+00:00 [queued]>
[2022-04-18 14:48:57,648] {taskinstance.py:1238} INFO - 
--------------------------------------------------------------------------------
[2022-04-18 14:48:57,649] {taskinstance.py:1239} INFO - Starting attempt 1 of 1
[2022-04-18 14:48:57,649] {taskinstance.py:1240} INFO - 
--------------------------------------------------------------------------------
[2022-04-18 14:48:57,763] {taskinstance.py:1259} INFO - Executing <Task(BashOperator): wget> on 2021-11-02 06:00:00+00:00
[2022-04-18 14:48:58,678] {standard_task_runner.py:52} INFO - Started process 977 to run task
[2022-04-18 14:49:00,274] {standard_task_runner.py:76} INFO - Running: ['***', 'tasks', 'run', 'LocalIngestionDag', 'wget', 'scheduled__2021-11-02T06:00:00+00:00', '--job-id', '17', '--raw', '--subdir', 'DAGS_FOLDER/data_ingestion_local.py', '--cfg-path', '/tmp/tmp30g815yq', '--error-file', '/tmp/tmpazr25vm2']
[2022-04-18 14:49:00,275] {standard_task_runner.py:77} INFO - Job 17: Subtask wget
[2022-04-18 14:49:01,178] {logging_mixin.py:109} INFO - Running <TaskInstance: LocalIngestionDag.wget scheduled__2021-11-02T06:00:00+00:00 [running]> on host e47b26b97407
[2022-04-18 14:49:01,334] {warnings.py:110} WARNING - /home/***/.local/lib/python3.7/site-packages/***/utils/context.py:152: AirflowContextDeprecationWarning: Accessing 'execution_date' from the template is deprecated and will be removed in a future version. Please use 'data_interval_start' or 'logical_date' instead.
  warnings.warn(_create_deprecation_warning(key, self._deprecation_replacements[key]))

[2022-04-18 14:49:04,109] {taskinstance.py:1426} INFO - Exporting the following env vars:
AIRFLOW_CTX_DAG_OWNER=***
AIRFLOW_CTX_DAG_ID=LocalIngestionDag
AIRFLOW_CTX_TASK_ID=wget
AIRFLOW_CTX_EXECUTION_DATE=2021-11-02T06:00:00+00:00
AIRFLOW_CTX_DAG_RUN_ID=scheduled__2021-11-02T06:00:00+00:00
[2022-04-18 14:49:04,110] {subprocess.py:62} INFO - Tmp dir root location: 
 /tmp
[2022-04-18 14:49:04,110] {subprocess.py:74} INFO - Running command: ['bash', '-c', 'curl -sSL https://s3.amazonaws.com/nyc-tlc/trip+data/yellow_tripdata_2021-11.csv > /opt/***/output_2021-11.csv']
[2022-04-18 14:49:05,769] {subprocess.py:85} INFO - Output:
[2022-04-18 14:49:08,725] {subprocess.py:93} INFO - Command exited with return code 0
[2022-04-18 14:49:08,773] {taskinstance.py:1277} INFO - Marking task as SUCCESS. dag_id=LocalIngestionDag, task_id=wget, execution_date=20211102T060000, start_date=20220418T144857, end_date=20220418T144908
[2022-04-18 14:49:08,826] {local_task_job.py:154} INFO - Task exited with return code 0
[2022-04-18 14:49:08,888] {local_task_job.py:264} INFO - 1 downstream tasks scheduled from follow-on schedule check
