[2022-04-18 14:44:43,670] {taskinstance.py:1032} INFO - Dependencies all met for <TaskInstance: LocalIngestionDag.wget manual__2022-04-18T14:44:08.868997+00:00 [queued]>
[2022-04-18 14:44:43,679] {taskinstance.py:1032} INFO - Dependencies all met for <TaskInstance: LocalIngestionDag.wget manual__2022-04-18T14:44:08.868997+00:00 [queued]>
[2022-04-18 14:44:43,679] {taskinstance.py:1238} INFO - 
--------------------------------------------------------------------------------
[2022-04-18 14:44:43,679] {taskinstance.py:1239} INFO - Starting attempt 1 of 1
[2022-04-18 14:44:43,679] {taskinstance.py:1240} INFO - 
--------------------------------------------------------------------------------
[2022-04-18 14:44:44,511] {taskinstance.py:1259} INFO - Executing <Task(BashOperator): wget> on 2022-04-18 14:44:08.868997+00:00
[2022-04-18 14:45:01,196] {standard_task_runner.py:76} INFO - Running: ['***', 'tasks', 'run', 'LocalIngestionDag', 'wget', 'manual__2022-04-18T14:44:08.868997+00:00', '--job-id', '9', '--raw', '--subdir', 'DAGS_FOLDER/data_ingestion_local.py', '--cfg-path', '/tmp/tmpndrm72l_', '--error-file', '/tmp/tmp7jpy10qv']
[2022-04-18 14:45:01,438] {standard_task_runner.py:52} INFO - Started process 897 to run task
[2022-04-18 14:45:03,322] {standard_task_runner.py:77} INFO - Job 9: Subtask wget
[2022-04-18 14:45:14,501] {logging_mixin.py:109} INFO - Running <TaskInstance: LocalIngestionDag.wget manual__2022-04-18T14:44:08.868997+00:00 [running]> on host e47b26b97407
[2022-04-18 14:45:17,578] {warnings.py:110} WARNING - /home/***/.local/lib/python3.7/site-packages/***/utils/context.py:152: AirflowContextDeprecationWarning: Accessing 'execution_date' from the template is deprecated and will be removed in a future version. Please use 'data_interval_start' or 'logical_date' instead.
  warnings.warn(_create_deprecation_warning(key, self._deprecation_replacements[key]))

[2022-04-18 14:45:18,068] {taskinstance.py:1426} INFO - Exporting the following env vars:
AIRFLOW_CTX_DAG_OWNER=***
AIRFLOW_CTX_DAG_ID=LocalIngestionDag
AIRFLOW_CTX_TASK_ID=wget
AIRFLOW_CTX_EXECUTION_DATE=2022-04-18T14:44:08.868997+00:00
AIRFLOW_CTX_DAG_RUN_ID=manual__2022-04-18T14:44:08.868997+00:00
[2022-04-18 14:45:18,069] {subprocess.py:62} INFO - Tmp dir root location: 
 /tmp
[2022-04-18 14:45:18,070] {subprocess.py:74} INFO - Running command: ['bash', '-c', 'curl -sSL https://s3.amazonaws.com/nyc-tlc/trip+data/yellow_tripdata_2022-04.csv > /opt/***/output_2022-04.csv']
[2022-04-18 14:45:18,115] {subprocess.py:85} INFO - Output:
[2022-04-18 14:45:32,312] {subprocess.py:93} INFO - Command exited with return code 0
[2022-04-18 14:45:36,360] {taskinstance.py:1277} INFO - Marking task as SUCCESS. dag_id=LocalIngestionDag, task_id=wget, execution_date=20220418T144408, start_date=20220418T144443, end_date=20220418T144536
[2022-04-18 14:45:36,614] {local_task_job.py:154} INFO - Task exited with return code 0
[2022-04-18 14:45:44,472] {local_task_job.py:264} INFO - 1 downstream tasks scheduled from follow-on schedule check
