[2022-04-18 15:07:14,397] {taskinstance.py:1032} INFO - Dependencies all met for <TaskInstance: LocalIngestionDag.wget manual__2022-04-18T15:07:12.555700+00:00 [queued]>
[2022-04-18 15:07:14,406] {taskinstance.py:1032} INFO - Dependencies all met for <TaskInstance: LocalIngestionDag.wget manual__2022-04-18T15:07:12.555700+00:00 [queued]>
[2022-04-18 15:07:14,406] {taskinstance.py:1238} INFO - 
--------------------------------------------------------------------------------
[2022-04-18 15:07:14,406] {taskinstance.py:1239} INFO - Starting attempt 1 of 1
[2022-04-18 15:07:14,406] {taskinstance.py:1240} INFO - 
--------------------------------------------------------------------------------
[2022-04-18 15:07:14,415] {taskinstance.py:1259} INFO - Executing <Task(BashOperator): wget> on 2022-04-18 15:07:12.555700+00:00
[2022-04-18 15:07:14,420] {standard_task_runner.py:52} INFO - Started process 487 to run task
[2022-04-18 15:07:14,423] {standard_task_runner.py:76} INFO - Running: ['***', 'tasks', 'run', 'LocalIngestionDag', 'wget', 'manual__2022-04-18T15:07:12.555700+00:00', '--job-id', '70', '--raw', '--subdir', 'DAGS_FOLDER/data_ingestion_local.py', '--cfg-path', '/tmp/tmpc01b515p', '--error-file', '/tmp/tmpqse9ph94']
[2022-04-18 15:07:14,424] {standard_task_runner.py:77} INFO - Job 70: Subtask wget
[2022-04-18 15:07:14,868] {logging_mixin.py:109} INFO - Running <TaskInstance: LocalIngestionDag.wget manual__2022-04-18T15:07:12.555700+00:00 [running]> on host 0fb3f3a72b51
[2022-04-18 15:07:14,906] {warnings.py:110} WARNING - /home/***/.local/lib/python3.7/site-packages/***/utils/context.py:152: AirflowContextDeprecationWarning: Accessing 'execution_date' from the template is deprecated and will be removed in a future version. Please use 'data_interval_start' or 'logical_date' instead.
  warnings.warn(_create_deprecation_warning(key, self._deprecation_replacements[key]))

[2022-04-18 15:07:14,928] {taskinstance.py:1426} INFO - Exporting the following env vars:
AIRFLOW_CTX_DAG_OWNER=***
AIRFLOW_CTX_DAG_ID=LocalIngestionDag
AIRFLOW_CTX_TASK_ID=wget
AIRFLOW_CTX_EXECUTION_DATE=2022-04-18T15:07:12.555700+00:00
AIRFLOW_CTX_DAG_RUN_ID=manual__2022-04-18T15:07:12.555700+00:00
[2022-04-18 15:07:14,929] {subprocess.py:62} INFO - Tmp dir root location: 
 /tmp
[2022-04-18 15:07:14,930] {subprocess.py:74} INFO - Running command: ['bash', '-c', 'curl -sSL https://s3.amazonaws.com/nyc-tlc/trip+data/yellow_tripdata_2022-04.csv > /opt/***/output_2022-04.csv']
[2022-04-18 15:07:14,945] {subprocess.py:85} INFO - Output:
[2022-04-18 15:07:16,185] {subprocess.py:93} INFO - Command exited with return code 0
[2022-04-18 15:07:16,210] {taskinstance.py:1277} INFO - Marking task as SUCCESS. dag_id=LocalIngestionDag, task_id=wget, execution_date=20220418T150712, start_date=20220418T150714, end_date=20220418T150716
[2022-04-18 15:07:16,269] {local_task_job.py:154} INFO - Task exited with return code 0
[2022-04-18 15:07:16,299] {local_task_job.py:264} INFO - 1 downstream tasks scheduled from follow-on schedule check
